0 info it worked if it ends with ok
1 verbose cli [ '/Users/jaechick/.nvm/versions/node/v5.7.0/bin/node',
1 verbose cli   '/Users/jaechick/.nvm/versions/node/v5.7.0/bin/npm',
1 verbose cli   'run',
1 verbose cli   'dev' ]
2 info using npm@3.10.5
3 info using node@v5.7.0
4 verbose run-script [ 'predev', 'dev', 'postdev' ]
5 info lifecycle img-fragments@1.0.0~predev: img-fragments@1.0.0
6 silly lifecycle img-fragments@1.0.0~predev: no script for predev, continuing
7 info lifecycle img-fragments@1.0.0~dev: img-fragments@1.0.0
8 verbose lifecycle img-fragments@1.0.0~dev: unsafe-perm in lifecycle true
9 verbose lifecycle img-fragments@1.0.0~dev: PATH: /Users/jaechick/.nvm/versions/node/v5.7.0/lib/node_modules/npm/bin/node-gyp-bin:/Users/jaechick/Documents/Sites/img-fragments/node_modules/.bin:/Users/jaechick/.nvm/versions/node/v5.7.0/bin:/Users/jaechick/.rvm/gems/ruby-2.4.0/bin:/Users/jaechick/.rvm/gems/ruby-2.4.0@global/bin:/Users/jaechick/.rvm/rubies/ruby-2.4.0/bin:/Users/jaechick/.nvm/versions/node/v5.7.0/bin:/usr/local/bin:/usr/bin:/bin:/usr/sbin:/sbin:/opt/X11/bin:/Users/jaechick/.yarn/bin:/Users/jaechick/Library/Android/tools:/Users/jaechick/Library/Android/platform-tools:/Users/jaechick/.rvm/bin
10 verbose lifecycle img-fragments@1.0.0~dev: CWD: /Users/jaechick/Documents/Sites/img-fragments
11 silly lifecycle img-fragments@1.0.0~dev: Args: [ '-c', 'gulp server' ]
12 silly lifecycle img-fragments@1.0.0~dev: Returned: code: 1  signal: null
13 info lifecycle img-fragments@1.0.0~dev: Failed to exec dev script
14 verbose stack Error: img-fragments@1.0.0 dev: `gulp server`
14 verbose stack Exit status 1
14 verbose stack     at EventEmitter.<anonymous> (/Users/jaechick/.nvm/versions/node/v5.7.0/lib/node_modules/npm/lib/utils/lifecycle.js:242:16)
14 verbose stack     at emitTwo (events.js:100:13)
14 verbose stack     at EventEmitter.emit (events.js:185:7)
14 verbose stack     at ChildProcess.<anonymous> (/Users/jaechick/.nvm/versions/node/v5.7.0/lib/node_modules/npm/lib/utils/spawn.js:40:14)
14 verbose stack     at emitTwo (events.js:100:13)
14 verbose stack     at ChildProcess.emit (events.js:185:7)
14 verbose stack     at maybeClose (internal/child_process.js:827:16)
14 verbose stack     at Process.ChildProcess._handle.onexit (internal/child_process.js:211:5)
15 verbose pkgid img-fragments@1.0.0
16 verbose cwd /Users/jaechick/Documents/Sites/img-fragments
17 error Darwin 16.4.0
18 error argv "/Users/jaechick/.nvm/versions/node/v5.7.0/bin/node" "/Users/jaechick/.nvm/versions/node/v5.7.0/bin/npm" "run" "dev"
19 error node v5.7.0
20 error npm  v3.10.5
21 error code ELIFECYCLE
22 error img-fragments@1.0.0 dev: `gulp server`
22 error Exit status 1
23 error Failed at the img-fragments@1.0.0 dev script 'gulp server'.
23 error Make sure you have the latest version of node.js and npm installed.
23 error If you do, this is most likely a problem with the img-fragments package,
23 error not with npm itself.
23 error Tell the author that this fails on your system:
23 error     gulp server
23 error You can get information on how to open an issue for this project with:
23 error     npm bugs img-fragments
23 error Or if that isn't available, you can get their info via:
23 error     npm owner ls img-fragments
23 error There is likely additional logging output above.
24 verbose exit [ 1, true ]
